# JRE version: OpenJDK Runtime Environment Corretto-17.0.10.8.1 (17.0.10+8) (build 17.0.10+8-LTS)
# Java VM: OpenJDK 64-Bit Server VM Corretto-17.0.10.8.1 (17.0.10+8-LTS, mixed mode, sharing, tiered, compressed oops, compressed class ptrs, g1 gc, linux-amd64)
GC Precious Log:
 CPUs: 4 total, 4 available
 Memory: 7730M
 Large Page Support: Disabled
 NUMA Support: Disabled
 Compressed Oops: Enabled (32-bit)
 Heap Region Size: 1M
 Heap Min Capacity: 8M
 Heap Initial Capacity: 122M
 Heap Max Capacity: 1934M
 Pre-touch: Disabled
 Parallel Workers: 4
 Concurrent Workers: 1
 Concurrent Refinement Workers: 4
 Periodic GC: Disabled
Heap:
 garbage-first heap   total 58368K, used 34227K [0x0000000087200000, 0x0000000100000000)
  region size 1024K, 18 young (18432K), 1 survivors (1024K)
 Metaspace       used 28291K, committed 28544K, reserved 1114112K
  class space    used 3898K, committed 4032K, reserved 1048576K
GC Heap History (10 events):
Event: 0.206 GC heap before
{Heap before GC invocations=0 (full 0):
 garbage-first heap   total 126976K, used 13232K [0x0000000087200000, 0x0000000100000000)
  region size 1024K, 13 young (13312K), 0 survivors (0K)
 Metaspace       used 464K, committed 640K, reserved 1114112K
  class space    used 20K, committed 128K, reserved 1048576K
}
Event: 0.210 GC heap after
{Heap after GC invocations=1 (full 0):
 garbage-first heap   total 126976K, used 1542K [0x0000000087200000, 0x0000000100000000)
  region size 1024K, 1 young (1024K), 1 survivors (1024K)
 Metaspace       used 464K, committed 640K, reserved 1114112K
  class space    used 20K, committed 128K, reserved 1048576K
}
Event: 1.174 GC heap before
{Heap before GC invocations=1 (full 0):
 garbage-first heap   total 126976K, used 28166K [0x0000000087200000, 0x0000000100000000)
  region size 1024K, 28 young (28672K), 1 survivors (1024K)
 Metaspace       used 9388K, committed 9600K, reserved 1114112K
  class space    used 1154K, committed 1216K, reserved 1048576K
}
Event: 1.182 GC heap after
{Heap after GC invocations=2 (full 0):
 garbage-first heap   total 126976K, used 7258K [0x0000000087200000, 0x0000000100000000)
  region size 1024K, 4 young (4096K), 4 survivors (4096K)
 Metaspace       used 9388K, committed 9600K, reserved 1114112K
  class space    used 1154K, committed 1216K, reserved 1048576K
}
Event: 9.079 GC heap before
{Heap before GC invocations=2 (full 0):
 garbage-first heap   total 126976K, used 44122K [0x0000000087200000, 0x0000000100000000)
  region size 1024K, 39 young (39936K), 4 survivors (4096K)
 Metaspace       used 21291K, committed 21504K, reserved 1114112K
  class space    used 2868K, committed 3008K, reserved 1048576K
}
Event: 9.085 GC heap after
{Heap after GC invocations=3 (full 0):
 garbage-first heap   total 126976K, used 13809K [0x0000000087200000, 0x0000000100000000)
  region size 1024K, 9 young (9216K), 9 survivors (9216K)
 Metaspace       used 21291K, committed 21504K, reserved 1114112K
  class space    used 2868K, committed 3008K, reserved 1048576K
}
Event: 16.720 GC heap before
{Heap before GC invocations=4 (full 0):
 garbage-first heap   total 58368K, used 39409K [0x0000000087200000, 0x0000000100000000)
  region size 1024K, 34 young (34816K), 9 survivors (9216K)
 Metaspace       used 27296K, committed 27520K, reserved 1114112K
  class space    used 3767K, committed 3904K, reserved 1048576K
}
Event: 16.738 GC heap after
{Heap after GC invocations=5 (full 0):
 garbage-first heap   total 58368K, used 16992K [0x0000000087200000, 0x0000000100000000)
  region size 1024K, 4 young (4096K), 4 survivors (4096K)
 Metaspace       used 27296K, committed 27520K, reserved 1114112K
  class space    used 3767K, committed 3904K, reserved 1048576K
}
Event: 16.769 GC heap before
{Heap before GC invocations=5 (full 0):
 garbage-first heap   total 58368K, used 18016K [0x0000000087200000, 0x0000000100000000)
  region size 1024K, 5 young (5120K), 4 survivors (4096K)
 Metaspace       used 27408K, committed 27712K, reserved 1114112K
  class space    used 3779K, committed 3904K, reserved 1048576K
}
Event: 16.773 GC heap after
{Heap after GC invocations=6 (full 0):
 garbage-first heap   total 58368K, used 17843K [0x0000000087200000, 0x0000000100000000)
  region size 1024K, 1 young (1024K), 1 survivors (1024K)
 Metaspace       used 27408K, committed 27712K, reserved 1114112K
  class space    used 3779K, committed 3904K, reserved 1048576K
}

